22-01-2024 INFO  [background-preinit] o.h.validator.internal.util.Version - HV000001: Hibernate Validator 8.0.1.Final
22-01-2024 INFO  [main] c.m.p.ProductPulseApplication - Starting ProductPulseApplication using Java 17.0.9 with PID 734 (/Users/dhanesh/Downloads/product-pulse/target/classes started by dhanesh in /Users/dhanesh/Downloads/product-pulse)
22-01-2024 INFO  [main] c.m.p.ProductPulseApplication - No active profile set, falling back to 1 default profile: "default"
22-01-2024 INFO  [main] o.s.d.r.c.RepositoryConfigurationDelegate - Bootstrapping Spring Data JPA repositories in DEFAULT mode.
22-01-2024 INFO  [main] o.s.d.r.c.RepositoryConfigurationDelegate - Finished Spring Data repository scanning in 23 ms. Found 7 JPA repository interfaces.
22-01-2024 INFO  [main] o.s.b.w.e.tomcat.TomcatWebServer - Tomcat initialized with port 9090 (http)
22-01-2024 INFO  [main] o.a.coyote.http11.Http11NioProtocol - Initializing ProtocolHandler ["http-nio-9090"]
22-01-2024 INFO  [main] o.a.catalina.core.StandardService - Starting service [Tomcat]
22-01-2024 INFO  [main] o.a.catalina.core.StandardEngine - Starting Servlet engine: [Apache Tomcat/10.1.16]
22-01-2024 INFO  [main] o.a.c.c.C.[Tomcat].[localhost].[/] - Initializing Spring embedded WebApplicationContext
22-01-2024 INFO  [main] o.s.b.w.s.c.ServletWebServerApplicationContext - Root WebApplicationContext: initialization completed in 724 ms
22-01-2024 INFO  [main] o.h.jpa.internal.util.LogHelper - HHH000204: Processing PersistenceUnitInfo [name: default]
22-01-2024 INFO  [main] org.hibernate.Version - HHH000412: Hibernate ORM core version 6.3.1.Final
22-01-2024 INFO  [main] o.h.c.i.RegionFactoryInitiator - HHH000026: Second-level cache disabled
22-01-2024 INFO  [main] o.s.o.j.p.SpringPersistenceUnitInfo - No LoadTimeWeaver setup: ignoring JPA class transformer
22-01-2024 INFO  [main] com.zaxxer.hikari.HikariDataSource - HikariPool-1 - Starting...
22-01-2024 INFO  [main] com.zaxxer.hikari.pool.HikariPool - HikariPool-1 - Added connection org.postgresql.jdbc.PgConnection@286dfa20
22-01-2024 INFO  [main] com.zaxxer.hikari.HikariDataSource - HikariPool-1 - Start completed.
22-01-2024 WARN  [main] org.hibernate.orm.deprecation - HHH90000025: PostgreSQLDialect does not need to be specified explicitly using 'hibernate.dialect' (remove the property setting and it will be selected by default)
22-01-2024 INFO  [main] o.h.e.t.j.p.i.JtaPlatformInitiator - HHH000489: No JTA platform available (set 'hibernate.transaction.jta.platform' to enable JTA platform integration)
22-01-2024 INFO  [main] o.s.o.j.LocalContainerEntityManagerFactoryBean - Initialized JPA EntityManagerFactory for persistence unit 'default'
22-01-2024 INFO  [main] o.s.d.j.r.q.QueryEnhancerFactory - Hibernate is in classpath; If applicable, HQL parser will be used.
22-01-2024 WARN  [main] o.s.b.a.o.j.JpaBaseConfiguration$JpaWebConfiguration - spring.jpa.open-in-view is enabled by default. Therefore, database queries may be performed during view rendering. Explicitly configure spring.jpa.open-in-view to disable this warning
22-01-2024 INFO  [main] o.s.b.a.e.web.EndpointLinksResolver - Exposing 1 endpoint(s) beneath base path '/actuator'
22-01-2024 INFO  [main] o.a.coyote.http11.Http11NioProtocol - Starting ProtocolHandler ["http-nio-9090"]
22-01-2024 INFO  [main] o.s.b.w.e.tomcat.TomcatWebServer - Tomcat started on port 9090 (http) with context path ''
22-01-2024 INFO  [main] c.m.p.ProductPulseApplication - Started ProductPulseApplication in 2.759 seconds (process running for 3.086)
22-01-2024 INFO  [http-nio-9090-exec-1] o.a.c.c.C.[Tomcat].[localhost].[/] - Initializing Spring DispatcherServlet 'dispatcherServlet'
22-01-2024 INFO  [http-nio-9090-exec-1] o.s.web.servlet.DispatcherServlet - Initializing Servlet 'dispatcherServlet'
22-01-2024 INFO  [http-nio-9090-exec-1] o.s.web.servlet.DispatcherServlet - Completed initialization in 4 ms
22-01-2024 INFO  [http-nio-9090-exec-2] c.m.p.controller.LoginController - Trace ID: 476720240122204408570, Request URI: /api/v1/login, Request Body: LoginRequest(username=Dhaneshvl, password=Dhanesh, userType=null)
22-01-2024 INFO  [SpringApplicationShutdownHook] o.s.o.j.LocalContainerEntityManagerFactoryBean - Closing JPA EntityManagerFactory for persistence unit 'default'
22-01-2024 INFO  [SpringApplicationShutdownHook] com.zaxxer.hikari.HikariDataSource - HikariPool-1 - Shutdown initiated...
22-01-2024 INFO  [SpringApplicationShutdownHook] com.zaxxer.hikari.HikariDataSource - HikariPool-1 - Shutdown completed.
